# JRE version: Java(TM) SE Runtime Environment (8.0_181-b13) (build 1.8.0_181-b13)
# Java VM: Java HotSpot(TM) 64-Bit Server VM (25.181-b13 mixed mode windows-amd64 compressed oops)
Heap:
 PSYoungGen      total 571904K, used 180143K [0x00000000d5f00000, 0x00000000fdb00000, 0x0000000100000000)
  eden space 564224K, 30% used [0x00000000d5f00000,0x00000000e079bd50,0x00000000f8600000)
  from space 7680K, 97% used [0x00000000fbd80000,0x00000000fc4d0080,0x00000000fc500000)
  to   space 17408K, 0% used [0x00000000fca00000,0x00000000fca00000,0x00000000fdb00000)
 ParOldGen       total 187392K, used 85148K [0x0000000081c00000, 0x000000008d300000, 0x00000000d5f00000)
  object space 187392K, 45% used [0x0000000081c00000,0x0000000086f27378,0x000000008d300000)
 Metaspace       used 80407K, capacity 89688K, committed 89880K, reserved 1128448K
  class space    used 9459K, capacity 11721K, committed 11816K, reserved 1048576K
GC Heap History (10 events):
Event: 2565.080 GC heap before
{Heap before GC invocations=49 (full 4):
 PSYoungGen      total 636928K, used 622592K [0x00000000d5f00000, 0x00000000ffc00000, 0x0000000100000000)
  eden space 622592K, 100% used [0x00000000d5f00000,0x00000000fbf00000,0x00000000fbf00000)
  from space 14336K, 0% used [0x00000000fee00000,0x00000000fee00000,0x00000000ffc00000)
  to   space 23040K, 0% used [0x00000000fcf00000,0x00000000fcf00000,0x00000000fe580000)
 ParOldGen       total 187392K, used 85108K [0x0000000081c00000, 0x000000008d300000, 0x00000000d5f00000)
  object space 187392K, 45% used [0x0000000081c00000,0x0000000086f1d378,0x000000008d300000)
 Metaspace       used 79046K, capacity 87490K, committed 87576K, reserved 1126400K
  class space    used 9323K, capacity 11516K, committed 11560K, reserved 1048576K
Event: 2565.094 GC heap after
Heap after GC invocations=49 (full 4):
 PSYoungGen      total 662016K, used 4384K [0x00000000d5f00000, 0x0000000100000000, 0x0000000100000000)
  eden space 638976K, 0% used [0x00000000d5f00000,0x00000000d5f00000,0x00000000fcf00000)
  from space 23040K, 19% used [0x00000000fcf00000,0x00000000fd348070,0x00000000fe580000)
  to   space 22016K, 0% used [0x00000000fea80000,0x00000000fea80000,0x0000000100000000)
 ParOldGen       total 187392K, used 85116K [0x0000000081c00000, 0x000000008d300000, 0x00000000d5f00000)
  object space 187392K, 45% used [0x0000000081c00000,0x0000000086f1f378,0x000000008d300000)
 Metaspace       used 79046K, capacity 87490K, committed 87576K, reserved 1126400K
  class space    used 9323K, capacity 11516K, committed 11560K, reserved 1048576K
}
Event: 3104.867 GC heap before
{Heap before GC invocations=50 (full 4):
 PSYoungGen      total 662016K, used 643360K [0x00000000d5f00000, 0x0000000100000000, 0x0000000100000000)
  eden space 638976K, 100% used [0x00000000d5f00000,0x00000000fcf00000,0x00000000fcf00000)
  from space 23040K, 19% used [0x00000000fcf00000,0x00000000fd348070,0x00000000fe580000)
  to   space 22016K, 0% used [0x00000000fea80000,0x00000000fea80000,0x0000000100000000)
 ParOldGen       total 187392K, used 85116K [0x0000000081c00000, 0x000000008d300000, 0x00000000d5f00000)
  object space 187392K, 45% used [0x0000000081c00000,0x0000000086f1f378,0x000000008d300000)
 Metaspace       used 79801K, capacity 89090K, committed 89368K, reserved 1126400K
  class space    used 9447K, capacity 11716K, committed 11816K, reserved 1048576K
Event: 3104.886 GC heap after
Heap after GC invocations=50 (full 4):
 PSYoungGen      total 662016K, used 6528K [0x00000000d5f00000, 0x00000000ffc00000, 0x0000000100000000)
  eden space 644096K, 0% used [0x00000000d5f00000,0x00000000d5f00000,0x00000000fd400000)
  from space 17920K, 36% used [0x00000000fea80000,0x00000000ff0e0060,0x00000000ffc00000)
  to   space 20480K, 0% used [0x00000000fd400000,0x00000000fd400000,0x00000000fe800000)
 ParOldGen       total 187392K, used 85124K [0x0000000081c00000, 0x000000008d300000, 0x00000000d5f00000)
  object space 187392K, 45% used [0x0000000081c00000,0x0000000086f21378,0x000000008d300000)
 Metaspace       used 79801K, capacity 89090K, committed 89368K, reserved 1126400K
  class space    used 9447K, capacity 11716K, committed 11816K, reserved 1048576K
}
Event: 25335.302 GC heap before
{Heap before GC invocations=51 (full 4):
 PSYoungGen      total 662016K, used 650624K [0x00000000d5f00000, 0x00000000ffc00000, 0x0000000100000000)
  eden space 644096K, 100% used [0x00000000d5f00000,0x00000000fd400000,0x00000000fd400000)
  from space 17920K, 36% used [0x00000000fea80000,0x00000000ff0e0060,0x00000000ffc00000)
  to   space 20480K, 0% used [0x00000000fd400000,0x00000000fd400000,0x00000000fe800000)
 ParOldGen       total 187392K, used 85124K [0x0000000081c00000, 0x000000008d300000, 0x00000000d5f00000)
  object space 187392K, 45% used [0x0000000081c00000,0x0000000086f21378,0x000000008d300000)
 Metaspace       used 80097K, capacity 89414K, committed 89624K, reserved 1126400K
  class space    used 9454K, capacity 11718K, committed 11816K, reserved 1048576K
Event: 25335.329 GC heap after
Heap after GC invocations=51 (full 4):
 PSYoungGen      total 622592K, used 6645K [0x00000000d5f00000, 0x00000000feb00000, 0x0000000100000000)
  eden space 615936K, 0% used [0x00000000d5f00000,0x00000000d5f00000,0x00000000fb880000)
  from space 6656K, 99% used [0x00000000fd400000,0x00000000fda7d6a0,0x00000000fda80000)
  to   space 16896K, 0% used [0x00000000fda80000,0x00000000fda80000,0x00000000feb00000)
 ParOldGen       total 187392K, used 85132K [0x0000000081c00000, 0x000000008d300000, 0x00000000d5f00000)
  object space 187392K, 45% used [0x0000000081c00000,0x0000000086f23378,0x000000008d300000)
 Metaspace       used 80097K, capacity 89414K, committed 89624K, reserved 1126400K
  class space    used 9454K, capacity 11718K, committed 11816K, reserved 1048576K
}
Event: 65358.060 GC heap before
{Heap before GC invocations=52 (full 4):
 PSYoungGen      total 622592K, used 622581K [0x00000000d5f00000, 0x00000000feb00000, 0x0000000100000000)
  eden space 615936K, 100% used [0x00000000d5f00000,0x00000000fb880000,0x00000000fb880000)
  from space 6656K, 99% used [0x00000000fd400000,0x00000000fda7d6a0,0x00000000fda80000)
  to   space 16896K, 0% used [0x00000000fda80000,0x00000000fda80000,0x00000000feb00000)
 ParOldGen       total 187392K, used 85132K [0x0000000081c00000, 0x000000008d300000, 0x00000000d5f00000)
  object space 187392K, 45% used [0x0000000081c00000,0x0000000086f23378,0x000000008d300000)
 Metaspace       used 80272K, capacity 89554K, committed 89880K, reserved 1128448K
  class space    used 9458K, capacity 11720K, committed 11816K, reserved 1048576K
Event: 66016.999 GC heap after
Heap after GC invocations=52 (full 4):
 PSYoungGen      total 596480K, used 6832K [0x00000000d5f00000, 0x00000000fe180000, 0x0000000100000000)
  eden space 589312K, 0% used [0x00000000d5f00000,0x00000000d5f00000,0x00000000f9e80000)
  from space 7168K, 95% used [0x00000000fda80000,0x00000000fe12c0b0,0x00000000fe180000)
  to   space 18432K, 0% used [0x00000000fbd80000,0x00000000fbd80000,0x00000000fcf80000)
 ParOldGen       total 187392K, used 85140K [0x0000000081c00000, 0x000000008d300000, 0x00000000d5f00000)
  object space 187392K, 45% used [0x0000000081c00000,0x0000000086f25378,0x000000008d300000)
 Metaspace       used 80272K, capacity 89554K, committed 89880K, reserved 1128448K
  class space    used 9458K, capacity 11720K, committed 11816K, reserved 1048576K
}
Event: 96994.566 GC heap before
{Heap before GC invocations=53 (full 4):
 PSYoungGen      total 596480K, used 596144K [0x00000000d5f00000, 0x00000000fe180000, 0x0000000100000000)
  eden space 589312K, 100% used [0x00000000d5f00000,0x00000000f9e80000,0x00000000f9e80000)
  from space 7168K, 95% used [0x00000000fda80000,0x00000000fe12c0b0,0x00000000fe180000)
  to   space 18432K, 0% used [0x00000000fbd80000,0x00000000fbd80000,0x00000000fcf80000)
 ParOldGen       total 187392K, used 85140K [0x0000000081c00000, 0x000000008d300000, 0x00000000d5f00000)
  object space 187392K, 45% used [0x0000000081c00000,0x0000000086f25378,0x000000008d300000)
 Metaspace       used 80379K, capacity 89688K, committed 89880K, reserved 1128448K
  class space    used 9459K, capacity 11721K, committed 11816K, reserved 1048576K
Event: 97278.945 GC heap after
Heap after GC invocations=53 (full 4):
 PSYoungGen      total 571904K, used 7488K [0x00000000d5f00000, 0x00000000fdb00000, 0x0000000100000000)
  eden space 564224K, 0% used [0x00000000d5f00000,0x00000000d5f00000,0x00000000f8600000)
  from space 7680K, 97% used [0x00000000fbd80000,0x00000000fc4d0080,0x00000000fc500000)
  to   space 17408K, 0% used [0x00000000fca00000,0x00000000fca00000,0x00000000fdb00000)
 ParOldGen       total 187392K, used 85148K [0x0000000081c00000, 0x000000008d300000, 0x00000000d5f00000)
  object space 187392K, 45% used [0x0000000081c00000,0x0000000086f27378,0x000000008d300000)
 Metaspace       used 80379K, capacity 89688K, committed 89880K, reserved 1128448K
  class space    used 9459K, capacity 11721K, committed 11816K, reserved 1048576K
}

